This file contains any messages produced by compilers while
running configure, to aid debugging if configure makes a mistake.

It was created by bgtk configure 0.1, which was
generated by GNU Autoconf 2.68.  Invocation command line was

  $ /home/tsp/bosch/GTKAPPV1.0/configure --enable-maintainer-mode CFLAGS=-g -O0 CXXFLAGS=-g -O0 JFLAGS=-g -O0 FFLAGS=-g -O0

## --------- ##
## Platform. ##
## --------- ##

hostname = TSP
uname -m = i686
uname -r = 3.2.0-60-generic-pae
uname -s = Linux
uname -v = #91-Ubuntu SMP Wed Feb 19 04:14:56 UTC 2014

/usr/bin/uname -p = unknown
/bin/uname -X     = unknown

/bin/arch              = unknown
/usr/bin/arch -k       = unknown
/usr/convex/getsysinfo = unknown
/usr/bin/hostinfo      = unknown
/bin/machine           = unknown
/usr/bin/oslevel       = unknown
/bin/universe          = unknown

PATH: /usr/lib/lightdm/lightdm
PATH: /usr/local/sbin
PATH: /usr/local/bin
PATH: /usr/sbin
PATH: /usr/bin
PATH: /sbin
PATH: /bin
PATH: /usr/games


## ----------- ##
## Core tests. ##
## ----------- ##

configure:2293: checking for a BSD-compatible install
configure:2361: result: /usr/bin/install -c
configure:2372: checking whether build environment is sane
configure:2422: result: yes
configure:2563: checking for a thread-safe mkdir -p
configure:2602: result: /bin/mkdir -p
configure:2615: checking for gawk
configure:2645: result: no
configure:2615: checking for mawk
configure:2631: found /usr/bin/mawk
configure:2642: result: mawk
configure:2653: checking whether make sets $(MAKE)
configure:2675: result: yes
configure:2767: checking whether make supports nested variables
configure:2784: result: yes
configure:2844: checking for gcc
configure:2860: found /usr/bin/gcc
configure:2871: result: gcc
configure:3100: checking for C compiler version
configure:3109: gcc --version >&5
gcc (Ubuntu/Linaro 4.6.3-1ubuntu5) 4.6.3
Copyright (C) 2011 Free Software Foundation, Inc.
This is free software; see the source for copying conditions.  There is NO
warranty; not even for MERCHANTABILITY or FITNESS FOR A PARTICULAR PURPOSE.

configure:3120: $? = 0
configure:3109: gcc -v >&5
Using built-in specs.
COLLECT_GCC=gcc
COLLECT_LTO_WRAPPER=/usr/lib/gcc/i686-linux-gnu/4.6/lto-wrapper
Target: i686-linux-gnu
Configured with: ../src/configure -v --with-pkgversion='Ubuntu/Linaro 4.6.3-1ubuntu5' --with-bugurl=file:///usr/share/doc/gcc-4.6/README.Bugs --enable-languages=c,c++,fortran,objc,obj-c++ --prefix=/usr --program-suffix=-4.6 --enable-shared --enable-linker-build-id --with-system-zlib --libexecdir=/usr/lib --without-included-gettext --enable-threads=posix --with-gxx-include-dir=/usr/include/c++/4.6 --libdir=/usr/lib --enable-nls --with-sysroot=/ --enable-clocale=gnu --enable-libstdcxx-debug --enable-libstdcxx-time=yes --enable-gnu-unique-object --enable-plugin --enable-objc-gc --enable-targets=all --disable-werror --with-arch-32=i686 --with-tune=generic --enable-checking=release --build=i686-linux-gnu --host=i686-linux-gnu --target=i686-linux-gnu
Thread model: posix
gcc version 4.6.3 (Ubuntu/Linaro 4.6.3-1ubuntu5) 
configure:3120: $? = 0
configure:3109: gcc -V >&5
gcc: error: unrecognized option '-V'
gcc: fatal error: no input files
compilation terminated.
configure:3120: $? = 4
configure:3109: gcc -qversion >&5
gcc: error: unrecognized option '-qversion'
gcc: fatal error: no input files
compilation terminated.
configure:3120: $? = 4
configure:3140: checking whether the C compiler works
configure:3162: gcc -g -O0   conftest.c  >&5
configure:3166: $? = 0
configure:3214: result: yes
configure:3217: checking for C compiler default output file name
configure:3219: result: a.out
configure:3225: checking for suffix of executables
configure:3232: gcc -o conftest -g -O0   conftest.c  >&5
configure:3236: $? = 0
configure:3258: result: 
configure:3280: checking whether we are cross compiling
configure:3288: gcc -o conftest -g -O0   conftest.c  >&5
configure:3292: $? = 0
configure:3299: ./conftest
configure:3303: $? = 0
configure:3318: result: no
configure:3323: checking for suffix of object files
configure:3345: gcc -c -g -O0  conftest.c >&5
configure:3349: $? = 0
configure:3370: result: o
configure:3374: checking whether we are using the GNU C compiler
configure:3393: gcc -c -g -O0  conftest.c >&5
configure:3393: $? = 0
configure:3402: result: yes
configure:3411: checking whether gcc accepts -g
configure:3431: gcc -c -g  conftest.c >&5
configure:3431: $? = 0
configure:3472: result: yes
configure:3489: checking for gcc option to accept ISO C89
configure:3553: gcc  -c -g -O0  conftest.c >&5
configure:3553: $? = 0
configure:3566: result: none needed
configure:3597: checking for style of include used by make
configure:3625: result: GNU
configure:3651: checking dependency style of gcc
configure:3762: result: gcc3
configure:3782: checking whether NLS is requested
configure:3791: result: yes
configure:3810: checking for intltool >= 0.35.0
configure:3812: result: 0.50.2 found
configure:3820: checking for intltool-update
configure:3838: found /usr/bin/intltool-update
configure:3850: result: /usr/bin/intltool-update
configure:3860: checking for intltool-merge
configure:3878: found /usr/bin/intltool-merge
configure:3890: result: /usr/bin/intltool-merge
configure:3900: checking for intltool-extract
configure:3918: found /usr/bin/intltool-extract
configure:3930: result: /usr/bin/intltool-extract
configure:4084: checking for xgettext
configure:4102: found /usr/bin/xgettext
configure:4114: result: /usr/bin/xgettext
configure:4124: checking for msgmerge
configure:4142: found /usr/bin/msgmerge
configure:4154: result: /usr/bin/msgmerge
configure:4164: checking for msgfmt
configure:4182: found /usr/bin/msgfmt
configure:4194: result: /usr/bin/msgfmt
configure:4204: checking for gmsgfmt
configure:4235: result: /usr/bin/msgfmt
configure:4255: checking for perl
configure:4273: found /usr/bin/perl
configure:4285: result: /usr/bin/perl
configure:4296: checking for perl >= 5.8.1
configure:4303: result: 5.14.2
configure:4307: checking for XML::Parser
configure:4310: result: ok
configure:4335: gcc -o conftest -g -O0   conftest.c  >&5
configure:4335: $? = 0
configure:4375: checking how to run the C preprocessor
configure:4406: gcc -E  conftest.c
configure:4406: $? = 0
configure:4420: gcc -E  conftest.c
conftest.c:12:28: fatal error: ac_nonexistent.h: No such file or directory
compilation terminated.
configure:4420: $? = 1
configure: failed program was:
| /* confdefs.h */
| #define PACKAGE_NAME "bgtk"
| #define PACKAGE_TARNAME "bgtk"
| #define PACKAGE_VERSION "0.1"
| #define PACKAGE_STRING "bgtk 0.1"
| #define PACKAGE_BUGREPORT ""
| #define PACKAGE_URL ""
| #define PACKAGE "bgtk"
| #define VERSION "0.1"
| #define GETTEXT_PACKAGE "bgtk"
| /* end confdefs.h.  */
| #include <ac_nonexistent.h>
configure:4445: result: gcc -E
configure:4465: gcc -E  conftest.c
configure:4465: $? = 0
configure:4479: gcc -E  conftest.c
conftest.c:12:28: fatal error: ac_nonexistent.h: No such file or directory
compilation terminated.
configure:4479: $? = 1
configure: failed program was:
| /* confdefs.h */
| #define PACKAGE_NAME "bgtk"
| #define PACKAGE_TARNAME "bgtk"
| #define PACKAGE_VERSION "0.1"
| #define PACKAGE_STRING "bgtk 0.1"
| #define PACKAGE_BUGREPORT ""
| #define PACKAGE_URL ""
| #define PACKAGE "bgtk"
| #define VERSION "0.1"
| #define GETTEXT_PACKAGE "bgtk"
| /* end confdefs.h.  */
| #include <ac_nonexistent.h>
configure:4508: checking for grep that handles long lines and -e
configure:4566: result: /bin/grep
configure:4571: checking for egrep
configure:4633: result: /bin/grep -E
configure:4638: checking for ANSI C header files
configure:4658: gcc -c -g -O0  conftest.c >&5
configure:4658: $? = 0
configure:4731: gcc -o conftest -g -O0   conftest.c  >&5
configure:4731: $? = 0
configure:4731: ./conftest
configure:4731: $? = 0
configure:4742: result: yes
configure:4755: checking for sys/types.h
configure:4755: gcc -c -g -O0  conftest.c >&5
configure:4755: $? = 0
configure:4755: result: yes
configure:4755: checking for sys/stat.h
configure:4755: gcc -c -g -O0  conftest.c >&5
configure:4755: $? = 0
configure:4755: result: yes
configure:4755: checking for stdlib.h
configure:4755: gcc -c -g -O0  conftest.c >&5
configure:4755: $? = 0
configure:4755: result: yes
configure:4755: checking for string.h
configure:4755: gcc -c -g -O0  conftest.c >&5
configure:4755: $? = 0
configure:4755: result: yes
configure:4755: checking for memory.h
configure:4755: gcc -c -g -O0  conftest.c >&5
configure:4755: $? = 0
configure:4755: result: yes
configure:4755: checking for strings.h
configure:4755: gcc -c -g -O0  conftest.c >&5
configure:4755: $? = 0
configure:4755: result: yes
configure:4755: checking for inttypes.h
configure:4755: gcc -c -g -O0  conftest.c >&5
configure:4755: $? = 0
configure:4755: result: yes
configure:4755: checking for stdint.h
configure:4755: gcc -c -g -O0  conftest.c >&5
configure:4755: $? = 0
configure:4755: result: yes
configure:4755: checking for unistd.h
configure:4755: gcc -c -g -O0  conftest.c >&5
configure:4755: $? = 0
configure:4755: result: yes
configure:4770: checking locale.h usability
configure:4770: gcc -c -g -O0  conftest.c >&5
configure:4770: $? = 0
configure:4770: result: yes
configure:4770: checking locale.h presence
configure:4770: gcc -E  conftest.c
configure:4770: $? = 0
configure:4770: result: yes
configure:4770: checking for locale.h
configure:4770: result: yes
configure:4781: checking for LC_MESSAGES
configure:4797: gcc -o conftest -g -O0   conftest.c  >&5
configure:4797: $? = 0
configure:4805: result: yes
configure:4822: checking libintl.h usability
configure:4822: gcc -c -g -O0  conftest.c >&5
configure:4822: $? = 0
configure:4822: result: yes
configure:4822: checking libintl.h presence
configure:4822: gcc -E  conftest.c
configure:4822: $? = 0
configure:4822: result: yes
configure:4822: checking for libintl.h
configure:4822: result: yes
configure:4830: checking for ngettext in libc
configure:4848: gcc -o conftest -g -O0   conftest.c  >&5
configure:4848: $? = 0
configure:4857: result: yes
configure:4861: checking for dgettext in libc
configure:4879: gcc -o conftest -g -O0   conftest.c  >&5
configure:4879: $? = 0
configure:4888: result: yes
configure:4895: checking for bind_textdomain_codeset
configure:4895: gcc -o conftest -g -O0   conftest.c  >&5
configure:4895: $? = 0
configure:4895: result: yes
configure:5171: checking for msgfmt
configure:5198: result: /usr/bin/msgfmt
configure:5209: checking for dcgettext
configure:5209: gcc -o conftest -g -O0   conftest.c   >&5
conftest.c:49:6: warning: conflicting types for built-in function 'dcgettext' [enabled by default]
configure:5209: $? = 0
configure:5209: result: yes
configure:5219: checking if msgfmt accepts -c
configure:5234: $MSGFMT -c -o /dev/null conftest.foo
configure:5237: $? = 0
configure:5239: result: yes
configure:5249: checking for gmsgfmt
configure:5280: result: /usr/bin/msgfmt
configure:5290: checking for xgettext
configure:5317: result: /usr/bin/xgettext
configure:5336: gcc -o conftest -g -O0   conftest.c   >&5
configure:5336: $? = 0
configure:5507: checking build system type
configure:5521: result: i686-pc-linux-gnu
configure:5541: checking host system type
configure:5554: result: i686-pc-linux-gnu
configure:5595: checking how to print strings
configure:5622: result: printf
configure:5643: checking for a sed that does not truncate output
configure:5707: result: /bin/sed
configure:5725: checking for fgrep
configure:5787: result: /bin/grep -F
configure:5822: checking for ld used by gcc
configure:5889: result: /usr/bin/ld
configure:5896: checking if the linker (/usr/bin/ld) is GNU ld
configure:5911: result: yes
configure:5923: checking for BSD- or MS-compatible name lister (nm)
configure:5972: result: /usr/bin/nm -B
configure:6102: checking the name lister (/usr/bin/nm -B) interface
configure:6109: gcc -c -g -O0  conftest.c >&5
configure:6112: /usr/bin/nm -B "conftest.o"
configure:6115: output
00000000 B some_variable
configure:6122: result: BSD nm
configure:6125: checking whether ln -s works
configure:6129: result: yes
configure:6137: checking the maximum length of command line arguments
configure:6267: result: 1572864
configure:6284: checking whether the shell understands some XSI constructs
configure:6294: result: yes
configure:6298: checking whether the shell understands "+="
configure:6304: result: yes
configure:6339: checking how to convert i686-pc-linux-gnu file names to i686-pc-linux-gnu format
configure:6379: result: func_convert_file_noop
configure:6386: checking how to convert i686-pc-linux-gnu file names to toolchain format
configure:6406: result: func_convert_file_noop
configure:6413: checking for /usr/bin/ld option to reload object files
configure:6420: result: -r
configure:6494: checking for objdump
configure:6510: found /usr/bin/objdump
configure:6521: result: objdump
configure:6553: checking how to recognize dependent libraries
configure:6755: result: pass_all
configure:6840: checking for dlltool
configure:6870: result: no
configure:6900: checking how to associate runtime and link libraries
configure:6927: result: printf %s\n
configure:6987: checking for ar
configure:7003: found /usr/bin/ar
configure:7014: result: ar
configure:7051: checking for archiver @FILE support
configure:7068: gcc -c -g -O0  conftest.c >&5
configure:7068: $? = 0
configure:7071: ar cru libconftest.a @conftest.lst >&5
configure:7074: $? = 0
configure:7079: ar cru libconftest.a @conftest.lst >&5
ar: conftest.o: No such file or directory
configure:7082: $? = 1
configure:7094: result: @
configure:7152: checking for strip
configure:7168: found /usr/bin/strip
configure:7179: result: strip
configure:7251: checking for ranlib
configure:7267: found /usr/bin/ranlib
configure:7278: result: ranlib
configure:7380: checking command to parse /usr/bin/nm -B output from gcc object
configure:7500: gcc -c -g -O0  conftest.c >&5
configure:7503: $? = 0
configure:7507: /usr/bin/nm -B conftest.o \| sed -n -e 's/^.*[ ]\([ABCDGIRSTW][ABCDGIRSTW]*\)[ ][ ]*\([_A-Za-z][_A-Za-z0-9]*\)$/\1 \2 \2/p' | sed '/ __gnu_lto/d' \> conftest.nm
configure:7510: $? = 0
configure:7576: gcc -o conftest -g -O0   conftest.c conftstm.o >&5
configure:7579: $? = 0
configure:7617: result: ok
configure:7654: checking for sysroot
configure:7684: result: no
configure:7940: checking for mt
configure:7956: found /bin/mt
configure:7967: result: mt
configure:7990: checking if mt is a manifest tool
configure:7996: mt '-?'
configure:8004: result: no
configure:8643: checking for dlfcn.h
configure:8643: gcc -c -g -O0  conftest.c >&5
configure:8643: $? = 0
configure:8643: result: yes
configure:8849: checking for objdir
configure:8864: result: .libs
configure:9131: checking if gcc supports -fno-rtti -fno-exceptions
configure:9149: gcc -c -g -O0  -fno-rtti -fno-exceptions conftest.c >&5
cc1: warning: command line option '-fno-rtti' is valid for C++/ObjC++ but not for C [enabled by default]
configure:9153: $? = 0
configure:9166: result: no
configure:9493: checking for gcc option to produce PIC
configure:9500: result: -fPIC -DPIC
configure:9508: checking if gcc PIC flag -fPIC -DPIC works
configure:9526: gcc -c -g -O0  -fPIC -DPIC -DPIC conftest.c >&5
configure:9530: $? = 0
configure:9543: result: yes
configure:9572: checking if gcc static flag -static works
configure:9600: result: yes
configure:9615: checking if gcc supports -c -o file.o
configure:9636: gcc -c -g -O0  -o out/conftest2.o conftest.c >&5
configure:9640: $? = 0
configure:9662: result: yes
configure:9670: checking if gcc supports -c -o file.o
configure:9717: result: yes
configure:9750: checking whether the gcc linker (/usr/bin/ld) supports shared libraries
configure:10907: result: yes
configure:10944: checking whether -lc should be explicitly linked in
configure:10952: gcc -c -g -O0  conftest.c >&5
configure:10955: $? = 0
configure:10970: gcc -shared  -fPIC -DPIC conftest.o  -v -Wl,-soname -Wl,conftest -o conftest 2\>\&1 \| /bin/grep  -lc  \>/dev/null 2\>\&1
configure:10973: $? = 0
configure:10987: result: no
configure:11147: checking dynamic linker characteristics
configure:11658: gcc -o conftest -g -O0   -Wl,-rpath -Wl,/foo conftest.c  >&5
configure:11658: $? = 0
configure:11892: result: GNU/Linux ld.so
configure:11999: checking how to hardcode library paths into programs
configure:12024: result: immediate
configure:12564: checking whether stripping libraries is possible
configure:12569: result: yes
configure:12604: checking if libtool supports shared libraries
configure:12606: result: yes
configure:12609: checking whether to build shared libraries
configure:12630: result: yes
configure:12633: checking whether to build static libraries
configure:12637: result: yes
configure:12731: checking for pkg-config
configure:12749: found /usr/bin/pkg-config
configure:12761: result: /usr/bin/pkg-config
configure:12786: checking pkg-config is at least version 0.9.0
configure:12789: result: yes
configure:12799: checking for BGTK
configure:12806: $PKG_CONFIG --exists --print-errors "gtk+-3.0 "
configure:12809: $? = 0
configure:12823: $PKG_CONFIG --exists --print-errors "gtk+-3.0 "
configure:12826: $? = 0
configure:12884: result: yes
configure:13028: creating ./config.status

## ---------------------- ##
## Running config.status. ##
## ---------------------- ##

This file was extended by bgtk config.status 0.1, which was
generated by GNU Autoconf 2.68.  Invocation command line was

  CONFIG_FILES    = 
  CONFIG_HEADERS  = 
  CONFIG_LINKS    = 
  CONFIG_COMMANDS = 
  $ ./config.status 

on TSP

config.status:1178: creating Makefile
config.status:1178: creating src/Makefile
config.status:1178: creating po/Makefile.in
config.status:1178: creating config.h
config.status:1392: executing depfiles commands
config.status:1392: executing default-1 commands
config.status:1392: executing libtool commands
config.status:1392: executing po/stamp-it commands
configure:15290: WARNING: unrecognized options: --enable-maintainer-mode

## ---------------- ##
## Cache variables. ##
## ---------------- ##

ac_cv_build=i686-pc-linux-gnu
ac_cv_c_compiler_gnu=yes
ac_cv_env_BGTK_CFLAGS_set=
ac_cv_env_BGTK_CFLAGS_value=
ac_cv_env_BGTK_LIBS_set=
ac_cv_env_BGTK_LIBS_value=
ac_cv_env_CC_set=
ac_cv_env_CC_value=
ac_cv_env_CFLAGS_set=set
ac_cv_env_CFLAGS_value='-g -O0'
ac_cv_env_CPPFLAGS_set=
ac_cv_env_CPPFLAGS_value=
ac_cv_env_CPP_set=
ac_cv_env_CPP_value=
ac_cv_env_LDFLAGS_set=
ac_cv_env_LDFLAGS_value=
ac_cv_env_LIBS_set=
ac_cv_env_LIBS_value=
ac_cv_env_PKG_CONFIG_LIBDIR_set=
ac_cv_env_PKG_CONFIG_LIBDIR_value=
ac_cv_env_PKG_CONFIG_PATH_set=
ac_cv_env_PKG_CONFIG_PATH_value=
ac_cv_env_PKG_CONFIG_set=
ac_cv_env_PKG_CONFIG_value=
ac_cv_env_build_alias_set=
ac_cv_env_build_alias_value=
ac_cv_env_host_alias_set=
ac_cv_env_host_alias_value=
ac_cv_env_target_alias_set=
ac_cv_env_target_alias_value=
ac_cv_func_bind_textdomain_codeset=yes
ac_cv_func_dcgettext=yes
ac_cv_header_dlfcn_h=yes
ac_cv_header_inttypes_h=yes
ac_cv_header_libintl_h=yes
ac_cv_header_locale_h=yes
ac_cv_header_memory_h=yes
ac_cv_header_stdc=yes
ac_cv_header_stdint_h=yes
ac_cv_header_stdlib_h=yes
ac_cv_header_string_h=yes
ac_cv_header_strings_h=yes
ac_cv_header_sys_stat_h=yes
ac_cv_header_sys_types_h=yes
ac_cv_header_unistd_h=yes
ac_cv_host=i686-pc-linux-gnu
ac_cv_objext=o
ac_cv_path_EGREP='/bin/grep -E'
ac_cv_path_FGREP='/bin/grep -F'
ac_cv_path_GMSGFMT=/usr/bin/msgfmt
ac_cv_path_GREP=/bin/grep
ac_cv_path_INTLTOOL_EXTRACT=/usr/bin/intltool-extract
ac_cv_path_INTLTOOL_MERGE=/usr/bin/intltool-merge
ac_cv_path_INTLTOOL_PERL=/usr/bin/perl
ac_cv_path_INTLTOOL_UPDATE=/usr/bin/intltool-update
ac_cv_path_MSGFMT=/usr/bin/msgfmt
ac_cv_path_MSGMERGE=/usr/bin/msgmerge
ac_cv_path_SED=/bin/sed
ac_cv_path_XGETTEXT=/usr/bin/xgettext
ac_cv_path_ac_pt_PKG_CONFIG=/usr/bin/pkg-config
ac_cv_path_install='/usr/bin/install -c'
ac_cv_path_mkdir=/bin/mkdir
ac_cv_prog_AWK=mawk
ac_cv_prog_CPP='gcc -E'
ac_cv_prog_ac_ct_AR=ar
ac_cv_prog_ac_ct_CC=gcc
ac_cv_prog_ac_ct_MANIFEST_TOOL=mt
ac_cv_prog_ac_ct_OBJDUMP=objdump
ac_cv_prog_ac_ct_RANLIB=ranlib
ac_cv_prog_ac_ct_STRIP=strip
ac_cv_prog_cc_c89=
ac_cv_prog_cc_g=yes
ac_cv_prog_make_make_set=yes
am_cv_CC_dependencies_compiler_type=gcc3
am_cv_make_support_nested_variables=yes
am_cv_val_LC_MESSAGES=yes
gt_cv_func_dgettext_libc=yes
gt_cv_func_dgettext_libintl=no
gt_cv_func_ngettext_libc=yes
gt_cv_have_gettext=yes
lt_cv_ar_at_file=@
lt_cv_archive_cmds_need_lc=no
lt_cv_deplibs_check_method=pass_all
lt_cv_file_magic_cmd='$MAGIC_CMD'
lt_cv_file_magic_test_file=
lt_cv_ld_reload_flag=-r
lt_cv_nm_interface='BSD nm'
lt_cv_objdir=.libs
lt_cv_path_LD=/usr/bin/ld
lt_cv_path_NM='/usr/bin/nm -B'
lt_cv_path_mainfest_tool=no
lt_cv_prog_compiler_c_o=yes
lt_cv_prog_compiler_pic='-fPIC -DPIC'
lt_cv_prog_compiler_pic_works=yes
lt_cv_prog_compiler_rtti_exceptions=no
lt_cv_prog_compiler_static_works=yes
lt_cv_prog_gnu_ld=yes
lt_cv_sharedlib_from_linklib_cmd='printf %s\n'
lt_cv_shlibpath_overrides_runpath=no
lt_cv_sys_global_symbol_pipe='sed -n -e '\''s/^.*[	 ]\([ABCDGIRSTW][ABCDGIRSTW]*\)[	 ][	 ]*\([_A-Za-z][_A-Za-z0-9]*\)$/\1 \2 \2/p'\'' | sed '\''/ __gnu_lto/d'\'''
lt_cv_sys_global_symbol_to_c_name_address='sed -n -e '\''s/^: \([^ ]*\)[ ]*$/  {\"\1\", (void *) 0},/p'\'' -e '\''s/^[ABCDGIRSTW]* \([^ ]*\) \([^ ]*\)$/  {"\2", (void *) \&\2},/p'\'''
lt_cv_sys_global_symbol_to_c_name_address_lib_prefix='sed -n -e '\''s/^: \([^ ]*\)[ ]*$/  {\"\1\", (void *) 0},/p'\'' -e '\''s/^[ABCDGIRSTW]* \([^ ]*\) \(lib[^ ]*\)$/  {"\2", (void *) \&\2},/p'\'' -e '\''s/^[ABCDGIRSTW]* \([^ ]*\) \([^ ]*\)$/  {"lib\2", (void *) \&\2},/p'\'''
lt_cv_sys_global_symbol_to_cdecl='sed -n -e '\''s/^T .* \(.*\)$/extern int \1();/p'\'' -e '\''s/^[ABCDGIRSTW]* .* \(.*\)$/extern char \1;/p'\'''
lt_cv_sys_max_cmd_len=1572864
lt_cv_to_host_file_cmd=func_convert_file_noop
lt_cv_to_tool_file_cmd=func_convert_file_noop
pkg_cv_BGTK_CFLAGS='-pthread -I/usr/include/gtk-3.0 -I/usr/include/pango-1.0 -I/usr/include/gio-unix-2.0/ -I/usr/include/atk-1.0 -I/usr/include/cairo -I/usr/include/gdk-pixbuf-2.0 -I/usr/include/freetype2 -I/usr/include/glib-2.0 -I/usr/lib/i386-linux-gnu/glib-2.0/include -I/usr/include/pixman-1 -I/usr/include/libpng12  '
pkg_cv_BGTK_LIBS='-lgtk-3 -lgdk-3 -latk-1.0 -lgio-2.0 -lpangocairo-1.0 -lgdk_pixbuf-2.0 -lcairo-gobject -lpango-1.0 -lcairo -lgobject-2.0 -lglib-2.0  '

## ----------------- ##
## Output variables. ##
## ----------------- ##

ACLOCAL='${SHELL} /home/tsp/bosch/GTKAPPV1.0/missing --run aclocal-1.11'
ALL_LINGUAS=''
AMDEPBACKSLASH='\'
AMDEP_FALSE='#'
AMDEP_TRUE=''
AMTAR='$${TAR-tar}'
AM_BACKSLASH='\'
AM_DEFAULT_V='$(AM_DEFAULT_VERBOSITY)'
AM_DEFAULT_VERBOSITY='0'
AM_V='$(V)'
AR='ar'
AUTOCONF='${SHELL} /home/tsp/bosch/GTKAPPV1.0/missing --run autoconf'
AUTOHEADER='${SHELL} /home/tsp/bosch/GTKAPPV1.0/missing --run autoheader'
AUTOMAKE='${SHELL} /home/tsp/bosch/GTKAPPV1.0/missing --run automake-1.11'
AWK='mawk'
BGTK_CFLAGS='-pthread -I/usr/include/gtk-3.0 -I/usr/include/pango-1.0 -I/usr/include/gio-unix-2.0/ -I/usr/include/atk-1.0 -I/usr/include/cairo -I/usr/include/gdk-pixbuf-2.0 -I/usr/include/freetype2 -I/usr/include/glib-2.0 -I/usr/lib/i386-linux-gnu/glib-2.0/include -I/usr/include/pixman-1 -I/usr/include/libpng12  '
BGTK_LIBS='-lgtk-3 -lgdk-3 -latk-1.0 -lgio-2.0 -lpangocairo-1.0 -lgdk_pixbuf-2.0 -lcairo-gobject -lpango-1.0 -lcairo -lgobject-2.0 -lglib-2.0  '
CATALOGS=''
CATOBJEXT='.gmo'
CC='gcc'
CCDEPMODE='depmode=gcc3'
CFLAGS='-g -O0'
CPP='gcc -E'
CPPFLAGS=''
CYGPATH_W='echo'
DATADIRNAME='share'
DEFS='-DHAVE_CONFIG_H'
DEPDIR='.deps'
DLLTOOL='false'
DSYMUTIL=''
DUMPBIN=''
ECHO_C=''
ECHO_N='-n'
ECHO_T=''
EGREP='/bin/grep -E'
EXEEXT=''
FGREP='/bin/grep -F'
GETTEXT_PACKAGE='bgtk'
GMOFILES=''
GMSGFMT='/usr/bin/msgfmt'
GREP='/bin/grep'
INSTALL_DATA='${INSTALL} -m 644'
INSTALL_PROGRAM='${INSTALL}'
INSTALL_SCRIPT='${INSTALL}'
INSTALL_STRIP_PROGRAM='$(install_sh) -c -s'
INSTOBJEXT='.mo'
INTLLIBS=''
INTLTOOL_CAVES_RULE='%.caves:     %.caves.in     $(INTLTOOL_MERGE) $(wildcard $(top_srcdir)/po/*.po) ; $(INTLTOOL_V_MERGE)LC_ALL=C $(INTLTOOL_MERGE) $(INTLTOOL_V_MERGE_OPTIONS) -d -u -c $(top_builddir)/po/.intltool-merge-cache $(top_srcdir)/po $< $@'
INTLTOOL_DESKTOP_RULE='%.desktop:   %.desktop.in   $(INTLTOOL_MERGE) $(wildcard $(top_srcdir)/po/*.po) ; $(INTLTOOL_V_MERGE)LC_ALL=C $(INTLTOOL_MERGE) $(INTLTOOL_V_MERGE_OPTIONS) -d -u -c $(top_builddir)/po/.intltool-merge-cache $(top_srcdir)/po $< $@'
INTLTOOL_DIRECTORY_RULE='%.directory: %.directory.in $(INTLTOOL_MERGE) $(wildcard $(top_srcdir)/po/*.po) ; $(INTLTOOL_V_MERGE)LC_ALL=C $(INTLTOOL_MERGE) $(INTLTOOL_V_MERGE_OPTIONS) -d -u -c $(top_builddir)/po/.intltool-merge-cache $(top_srcdir)/po $< $@'
INTLTOOL_EXTRACT='/usr/bin/intltool-extract'
INTLTOOL_KBD_RULE='%.kbd:       %.kbd.in       $(INTLTOOL_MERGE) $(wildcard $(top_srcdir)/po/*.po) ; $(INTLTOOL_V_MERGE)LC_ALL=C $(INTLTOOL_MERGE) $(INTLTOOL_V_MERGE_OPTIONS) -x -u -m -c $(top_builddir)/po/.intltool-merge-cache $(top_srcdir)/po $< $@'
INTLTOOL_KEYS_RULE='%.keys:      %.keys.in      $(INTLTOOL_MERGE) $(wildcard $(top_srcdir)/po/*.po) ; $(INTLTOOL_V_MERGE)LC_ALL=C $(INTLTOOL_MERGE) $(INTLTOOL_V_MERGE_OPTIONS) -k -u -c $(top_builddir)/po/.intltool-merge-cache $(top_srcdir)/po $< $@'
INTLTOOL_MERGE='/usr/bin/intltool-merge'
INTLTOOL_OAF_RULE='%.oaf:       %.oaf.in       $(INTLTOOL_MERGE) $(wildcard $(top_srcdir)/po/*.po) ; $(INTLTOOL_V_MERGE)LC_ALL=C $(INTLTOOL_MERGE) $(INTLTOOL_V_MERGE_OPTIONS) -o -p $(top_srcdir)/po $< $@'
INTLTOOL_PERL='/usr/bin/perl'
INTLTOOL_POLICY_RULE='%.policy:    %.policy.in    $(INTLTOOL_MERGE) $(wildcard $(top_srcdir)/po/*.po) ; $(INTLTOOL_V_MERGE)LC_ALL=C $(INTLTOOL_MERGE) $(INTLTOOL_V_MERGE_OPTIONS) -x -u -c $(top_builddir)/po/.intltool-merge-cache $(top_srcdir)/po $< $@'
INTLTOOL_PONG_RULE='%.pong:      %.pong.in      $(INTLTOOL_MERGE) $(wildcard $(top_srcdir)/po/*.po) ; $(INTLTOOL_V_MERGE)LC_ALL=C $(INTLTOOL_MERGE) $(INTLTOOL_V_MERGE_OPTIONS) -x -u -c $(top_builddir)/po/.intltool-merge-cache $(top_srcdir)/po $< $@'
INTLTOOL_PROP_RULE='%.prop:      %.prop.in      $(INTLTOOL_MERGE) $(wildcard $(top_srcdir)/po/*.po) ; $(INTLTOOL_V_MERGE)LC_ALL=C $(INTLTOOL_MERGE) $(INTLTOOL_V_MERGE_OPTIONS) -d -u -c $(top_builddir)/po/.intltool-merge-cache $(top_srcdir)/po $< $@'
INTLTOOL_SCHEMAS_RULE='%.schemas:   %.schemas.in   $(INTLTOOL_MERGE) $(wildcard $(top_srcdir)/po/*.po) ; $(INTLTOOL_V_MERGE)LC_ALL=C $(INTLTOOL_MERGE) $(INTLTOOL_V_MERGE_OPTIONS) -s -u -c $(top_builddir)/po/.intltool-merge-cache $(top_srcdir)/po $< $@'
INTLTOOL_SERVER_RULE='%.server:    %.server.in    $(INTLTOOL_MERGE) $(wildcard $(top_srcdir)/po/*.po) ; $(INTLTOOL_V_MERGE)LC_ALL=C $(INTLTOOL_MERGE) $(INTLTOOL_V_MERGE_OPTIONS) -o -u -c $(top_builddir)/po/.intltool-merge-cache $(top_srcdir)/po $< $@'
INTLTOOL_SERVICE_RULE='%.service: %.service.in   $(INTLTOOL_MERGE) $(wildcard $(top_srcdir)/po/*.po) ; $(INTLTOOL_V_MERGE)LC_ALL=C $(INTLTOOL_MERGE) $(INTLTOOL_V_MERGE_OPTIONS) -d -u -c $(top_builddir)/po/.intltool-merge-cache $(top_srcdir)/po $< $@'
INTLTOOL_SHEET_RULE='%.sheet:     %.sheet.in     $(INTLTOOL_MERGE) $(wildcard $(top_srcdir)/po/*.po) ; $(INTLTOOL_V_MERGE)LC_ALL=C $(INTLTOOL_MERGE) $(INTLTOOL_V_MERGE_OPTIONS) -x -u -c $(top_builddir)/po/.intltool-merge-cache $(top_srcdir)/po $< $@'
INTLTOOL_SOUNDLIST_RULE='%.soundlist: %.soundlist.in $(INTLTOOL_MERGE) $(wildcard $(top_srcdir)/po/*.po) ; $(INTLTOOL_V_MERGE)LC_ALL=C $(INTLTOOL_MERGE) $(INTLTOOL_V_MERGE_OPTIONS) -d -u -c $(top_builddir)/po/.intltool-merge-cache $(top_srcdir)/po $< $@'
INTLTOOL_THEME_RULE='%.theme:     %.theme.in     $(INTLTOOL_MERGE) $(wildcard $(top_srcdir)/po/*.po) ; $(INTLTOOL_V_MERGE)LC_ALL=C $(INTLTOOL_MERGE) $(INTLTOOL_V_MERGE_OPTIONS) -d -u -c $(top_builddir)/po/.intltool-merge-cache $(top_srcdir)/po $< $@'
INTLTOOL_UI_RULE='%.ui:        %.ui.in        $(INTLTOOL_MERGE) $(wildcard $(top_srcdir)/po/*.po) ; $(INTLTOOL_V_MERGE)LC_ALL=C $(INTLTOOL_MERGE) $(INTLTOOL_V_MERGE_OPTIONS) -x -u -c $(top_builddir)/po/.intltool-merge-cache $(top_srcdir)/po $< $@'
INTLTOOL_UPDATE='/usr/bin/intltool-update'
INTLTOOL_V_MERGE='$(INTLTOOL__v_MERGE_$(V))'
INTLTOOL_V_MERGE_OPTIONS='$(intltool__v_merge_options_$(V))'
INTLTOOL_XAM_RULE='%.xam:       %.xml.in       $(INTLTOOL_MERGE) $(wildcard $(top_srcdir)/po/*.po) ; $(INTLTOOL_V_MERGE)LC_ALL=C $(INTLTOOL_MERGE) $(INTLTOOL_V_MERGE_OPTIONS) -x -u -c $(top_builddir)/po/.intltool-merge-cache $(top_srcdir)/po $< $@'
INTLTOOL_XML_NOMERGE_RULE='%.xml:       %.xml.in       $(INTLTOOL_MERGE) ; $(INTLTOOL_V_MERGE)LC_ALL=C $(INTLTOOL_MERGE) $(INTLTOOL_V_MERGE_OPTIONS) -x -u --no-translations $< $@'
INTLTOOL_XML_RULE='%.xml:       %.xml.in       $(INTLTOOL_MERGE) $(wildcard $(top_srcdir)/po/*.po) ; $(INTLTOOL_V_MERGE)LC_ALL=C $(INTLTOOL_MERGE) $(INTLTOOL_V_MERGE_OPTIONS) -x -u -c $(top_builddir)/po/.intltool-merge-cache $(top_srcdir)/po $< $@'
INTLTOOL__v_MERGE_0='@echo "  ITMRG " $@;'
INTLTOOL__v_MERGE_='$(INTLTOOL__v_MERGE_$(AM_DEFAULT_VERBOSITY))'
LD='/usr/bin/ld'
LDFLAGS=''
LIBOBJS=''
LIBS=''
LIBTOOL='$(SHELL) $(top_builddir)/libtool'
LIPO=''
LN_S='ln -s'
LTLIBOBJS=''
MAKEINFO='${SHELL} /home/tsp/bosch/GTKAPPV1.0/missing --run makeinfo'
MANIFEST_TOOL=':'
MKDIR_P='/bin/mkdir -p'
MKINSTALLDIRS='/home/tsp/bosch/GTKAPPV1.0/mkinstalldirs'
MSGFMT='/usr/bin/msgfmt'
MSGFMT_OPTS='-c'
MSGMERGE='/usr/bin/msgmerge'
NM='/usr/bin/nm -B'
NMEDIT=''
OBJDUMP='objdump'
OBJEXT='o'
OTOOL64=''
OTOOL=''
PACKAGE='bgtk'
PACKAGE_BUGREPORT=''
PACKAGE_NAME='bgtk'
PACKAGE_STRING='bgtk 0.1'
PACKAGE_TARNAME='bgtk'
PACKAGE_URL=''
PACKAGE_VERSION='0.1'
PATH_SEPARATOR=':'
PKG_CONFIG='/usr/bin/pkg-config'
PKG_CONFIG_LIBDIR=''
PKG_CONFIG_PATH=''
POFILES=''
POSUB='po'
PO_IN_DATADIR_FALSE=''
PO_IN_DATADIR_TRUE=''
RANLIB='ranlib'
SED='/bin/sed'
SET_MAKE=''
SHELL='/bin/bash'
STRIP='strip'
USE_NLS='yes'
VERSION='0.1'
XGETTEXT='/usr/bin/xgettext'
ac_ct_AR='ar'
ac_ct_CC='gcc'
ac_ct_DUMPBIN=''
am__EXEEXT_FALSE=''
am__EXEEXT_TRUE='#'
am__fastdepCC_FALSE='#'
am__fastdepCC_TRUE=''
am__include='include'
am__isrc=' -I$(srcdir)'
am__leading_dot='.'
am__nodep='_no'
am__quote=''
am__tar='$${TAR-tar} chof - "$$tardir"'
am__untar='$${TAR-tar} xf -'
bindir='${exec_prefix}/bin'
build='i686-pc-linux-gnu'
build_alias=''
build_cpu='i686'
build_os='linux-gnu'
build_vendor='pc'
datadir='${datarootdir}'
datarootdir='${prefix}/share'
docdir='${datarootdir}/doc/${PACKAGE_TARNAME}'
dvidir='${docdir}'
exec_prefix='${prefix}'
host='i686-pc-linux-gnu'
host_alias=''
host_cpu='i686'
host_os='linux-gnu'
host_vendor='pc'
htmldir='${docdir}'
includedir='${prefix}/include'
infodir='${datarootdir}/info'
install_sh='${SHELL} /home/tsp/bosch/GTKAPPV1.0/install-sh'
intltool__v_merge_options_0='-q'
intltool__v_merge_options_='$(intltool__v_merge_options_$(AM_DEFAULT_VERBOSITY))'
libdir='${exec_prefix}/lib'
libexecdir='${exec_prefix}/libexec'
localedir='${datarootdir}/locale'
localstatedir='${prefix}/var'
mandir='${datarootdir}/man'
mkdir_p='/bin/mkdir -p'
oldincludedir='/usr/include'
pdfdir='${docdir}'
prefix='/usr/local'
program_transform_name='s,x,x,'
psdir='${docdir}'
sbindir='${exec_prefix}/sbin'
sharedstatedir='${prefix}/com'
sysconfdir='${prefix}/etc'
target_alias=''

## ----------- ##
## confdefs.h. ##
## ----------- ##

/* confdefs.h */
#define PACKAGE_NAME "bgtk"
#define PACKAGE_TARNAME "bgtk"
#define PACKAGE_VERSION "0.1"
#define PACKAGE_STRING "bgtk 0.1"
#define PACKAGE_BUGREPORT ""
#define PACKAGE_URL ""
#define PACKAGE "bgtk"
#define VERSION "0.1"
#define GETTEXT_PACKAGE "bgtk"
#define STDC_HEADERS 1
#define HAVE_SYS_TYPES_H 1
#define HAVE_SYS_STAT_H 1
#define HAVE_STDLIB_H 1
#define HAVE_STRING_H 1
#define HAVE_MEMORY_H 1
#define HAVE_STRINGS_H 1
#define HAVE_INTTYPES_H 1
#define HAVE_STDINT_H 1
#define HAVE_UNISTD_H 1
#define HAVE_LOCALE_H 1
#define HAVE_LC_MESSAGES 1
#define HAVE_BIND_TEXTDOMAIN_CODESET 1
#define HAVE_GETTEXT 1
#define HAVE_DCGETTEXT 1
#define ENABLE_NLS 1
#define HAVE_DLFCN_H 1
#define LT_OBJDIR ".libs/"

configure: exit 0

## ---------------------- ##
## Running config.status. ##
## ---------------------- ##

This file was extended by bgtk config.status 0.1, which was
generated by GNU Autoconf 2.68.  Invocation command line was

  CONFIG_FILES    = 
  CONFIG_HEADERS  = 
  CONFIG_LINKS    = 
  CONFIG_COMMANDS = 
  $ ./config.status src/Makefile depfiles

on TSP

config.status:1178: creating src/Makefile
config.status:1392: executing depfiles commands

## ---------------------- ##
## Running config.status. ##
## ---------------------- ##

This file was extended by bgtk config.status 0.1, which was
generated by GNU Autoconf 2.68.  Invocation command line was

  CONFIG_FILES    = 
  CONFIG_HEADERS  = 
  CONFIG_LINKS    = 
  CONFIG_COMMANDS = 
  $ ./config.status src/Makefile depfiles

on TSP

config.status:1178: creating src/Makefile
config.status:1392: executing depfiles commands

## ---------------------- ##
## Running config.status. ##
## ---------------------- ##

This file was extended by bgtk config.status 0.1, which was
generated by GNU Autoconf 2.68.  Invocation command line was

  CONFIG_FILES    = 
  CONFIG_HEADERS  = 
  CONFIG_LINKS    = 
  CONFIG_COMMANDS = 
  $ ./config.status src/Makefile depfiles

on TSP

config.status:1178: creating src/Makefile
config.status:1392: executing depfiles commands

## ---------------------- ##
## Running config.status. ##
## ---------------------- ##

This file was extended by bgtk config.status 0.1, which was
generated by GNU Autoconf 2.68.  Invocation command line was

  CONFIG_FILES    = 
  CONFIG_HEADERS  = 
  CONFIG_LINKS    = 
  CONFIG_COMMANDS = 
  $ ./config.status src/Makefile depfiles

on TSP

config.status:1178: creating src/Makefile
config.status:1392: executing depfiles commands

## ---------------------- ##
## Running config.status. ##
## ---------------------- ##

This file was extended by bgtk config.status 0.1, which was
generated by GNU Autoconf 2.68.  Invocation command line was

  CONFIG_FILES    = 
  CONFIG_HEADERS  = 
  CONFIG_LINKS    = 
  CONFIG_COMMANDS = 
  $ ./config.status src/Makefile depfiles

on TSP

config.status:1178: creating src/Makefile
config.status:1392: executing depfiles commands

## ---------------------- ##
## Running config.status. ##
## ---------------------- ##

This file was extended by bgtk config.status 0.1, which was
generated by GNU Autoconf 2.68.  Invocation command line was

  CONFIG_FILES    = 
  CONFIG_HEADERS  = 
  CONFIG_LINKS    = 
  CONFIG_COMMANDS = 
  $ ./config.status src/Makefile depfiles

on TSP

config.status:1178: creating src/Makefile
config.status:1392: executing depfiles commands

## ---------------------- ##
## Running config.status. ##
## ---------------------- ##

This file was extended by bgtk config.status 0.1, which was
generated by GNU Autoconf 2.68.  Invocation command line was

  CONFIG_FILES    = 
  CONFIG_HEADERS  = 
  CONFIG_LINKS    = 
  CONFIG_COMMANDS = 
  $ ./config.status src/Makefile depfiles

on TSP

config.status:1178: creating src/Makefile
config.status:1392: executing depfiles commands

## ---------------------- ##
## Running config.status. ##
## ---------------------- ##

This file was extended by bgtk config.status 0.1, which was
generated by GNU Autoconf 2.68.  Invocation command line was

  CONFIG_FILES    = 
  CONFIG_HEADERS  = 
  CONFIG_LINKS    = 
  CONFIG_COMMANDS = 
  $ ./config.status src/Makefile depfiles

on TSP

config.status:1178: creating src/Makefile
config.status:1392: executing depfiles commands

## ---------------------- ##
## Running config.status. ##
## ---------------------- ##

This file was extended by bgtk config.status 0.1, which was
generated by GNU Autoconf 2.68.  Invocation command line was

  CONFIG_FILES    = 
  CONFIG_HEADERS  = 
  CONFIG_LINKS    = 
  CONFIG_COMMANDS = 
  $ ./config.status src/Makefile depfiles

on TSP

config.status:1178: creating src/Makefile
config.status:1392: executing depfiles commands

## ---------------------- ##
## Running config.status. ##
## ---------------------- ##

This file was extended by bgtk config.status 0.1, which was
generated by GNU Autoconf 2.68.  Invocation command line was

  CONFIG_FILES    = 
  CONFIG_HEADERS  = 
  CONFIG_LINKS    = 
  CONFIG_COMMANDS = 
  $ ./config.status src/Makefile depfiles

on TSP

config.status:1178: creating src/Makefile
config.status:1392: executing depfiles commands

## ---------------------- ##
## Running config.status. ##
## ---------------------- ##

This file was extended by bgtk config.status 0.1, which was
generated by GNU Autoconf 2.68.  Invocation command line was

  CONFIG_FILES    = 
  CONFIG_HEADERS  = 
  CONFIG_LINKS    = 
  CONFIG_COMMANDS = 
  $ ./config.status src/Makefile depfiles

on TSP

config.status:1178: creating src/Makefile
config.status:1392: executing depfiles commands

## ---------------------- ##
## Running config.status. ##
## ---------------------- ##

This file was extended by bgtk config.status 0.1, which was
generated by GNU Autoconf 2.68.  Invocation command line was

  CONFIG_FILES    = 
  CONFIG_HEADERS  = 
  CONFIG_LINKS    = 
  CONFIG_COMMANDS = 
  $ ./config.status src/Makefile depfiles

on TSP

config.status:1178: creating src/Makefile
config.status:1392: executing depfiles commands

## ---------------------- ##
## Running config.status. ##
## ---------------------- ##

This file was extended by bgtk config.status 0.1, which was
generated by GNU Autoconf 2.68.  Invocation command line was

  CONFIG_FILES    = 
  CONFIG_HEADERS  = 
  CONFIG_LINKS    = 
  CONFIG_COMMANDS = 
  $ ./config.status src/Makefile depfiles

on TSP

config.status:1178: creating src/Makefile
config.status:1392: executing depfiles commands
